C:\Users\zyl\AppData\Local\JetBrains\Toolbox\apps\CLion\ch-0\182.4129.51\bin\cmake\win\bin\cmake.exe -DCMAKE_BUILD_TYPE=Debug -G "CodeBlocks - MinGW Makefiles" E:\00000_杂物间\learnC++CodeTest\test0
-- The C compiler identification is GNU 8.1.0
-- The CXX compiler identification is GNU 8.1.0
-- Check for working C compiler: C:/Program Files (x86)/mingw-w64/i686-8.1.0-posix-dwarf-rt_v6-rev0/mingw32/bin/gcc.exe
-- Check for working C compiler: C:/Program Files (x86)/mingw-w64/i686-8.1.0-posix-dwarf-rt_v6-rev0/mingw32/bin/gcc.exe -- broken
CMake Error at C:/Users/zyl/AppData/Local/JetBrains/Toolbox/apps/CLion/ch-0/182.4129.51/bin/cmake/win/share/cmake-3.12/Modules/CMakeTestCCompiler.cmake:52 (message):
  The C compiler

    "C:/Program Files (x86)/mingw-w64/i686-8.1.0-posix-dwarf-rt_v6-rev0/mingw32/bin/gcc.exe"

  is not able to compile a simple test program.

  It fails with the following output:

    Change Dir: E:/00000_鏉傜墿闂�/learnC++CodeTest/test0/cmake-build-debug/CMakeFiles/CMakeTmp
    
    Run Build Command:"C:/PROGRA~2/MINGW-~1/I686-8~1.0-P/mingw32/bin/mingw32-make.exe" "cmTC_f0087/fast"
    C:/PROGRA~2/MINGW-~1/I686-8~1.0-P/mingw32/bin/mingw32-make.exe -f CMakeFiles\cmTC_f0087.dir\build.make CMakeFiles/cmTC_f0087.dir/build
    mingw32-make.exe[1]: Entering directory 'E:/00000_鏉傜墿闂�/learnC++CodeTest/test0/cmake-build-debug/CMakeFiles/CMakeTmp'
    Building C object CMakeFiles/cmTC_f0087.dir/testCCompiler.c.obj
    C:\PROGRA~2\MINGW-~1\I686-8~1.0-P\mingw32\bin\gcc.exe    -o CMakeFiles\cmTC_f0087.dir\testCCompiler.c.obj   -c E:\00000_閺夊倻澧块梻纰秎earnC++CodeTest\test0\cmake-build-debug\CMakeFiles\CMakeTmp\testCCompiler.c
    gcc.exe: error: E:\00000_閺夊倻澧块梻纰秎earnC++CodeTest\test0\cmake-build-debug\CMakeFiles\CMakeTmp\testCCompiler.c: No such file or directory
    gcc.exe: fatal error: no input files
    compilation terminated.
    mingw32-make.exe[1]: *** [CMakeFiles\cmTC_f0087.dir\build.make:65: CMakeFiles/cmTC_f0087.dir/testCCompiler.c.obj] Error 1
    mingw32-make.exe[1]: Leaving directory 'E:/00000_鏉傜墿闂�/learnC++CodeTest/test0/cmake-build-debug/CMakeFiles/CMakeTmp'
    mingw32-make.exe: *** [Makefile:120: cmTC_f0087/fast] Error 2
    

  

  CMake will not be able to correctly generate this project.
Call Stack (most recent call first):
  CMakeLists.txt:2 (project)


-- Configuring incomplete, errors occurred!
See also "E:/00000_鏉傜墿闂�/learnC++CodeTest/test0/cmake-build-debug/CMakeFiles/CMakeOutput.log".
See also "E:/00000_鏉傜墿闂�/learnC++CodeTest/test0/cmake-build-debug/CMakeFiles/CMakeError.log".
